C51 COMPILER V9.53.0.0   BSP_INIT                                                          03/20/2022 19:45:54 PAGE 1   


C51 COMPILER V9.53.0.0, COMPILATION OF MODULE BSP_INIT
OBJECT MODULE PLACED IN .\Objects\bsp_init.obj
COMPILER INVOKED BY: F:\keil5ARM\Keil5\C51\BIN\C51.EXE code\bsp_init.c OPTIMIZE(8,SPEED) BROWSE INCDIR(.\code) DEBUG OBJ
                    -ECTEXTEND PRINT(.\Listings\bsp_init.lst) TABS(2) OBJECT(.\Objects\bsp_init.obj)

line level    source

   1          #include "bsp_init.h"
   2          
   3          //这个数组用于位选,只给一个引脚高电平
   4          const char which[] = {0x01,0x02,0x04,0x08,0x10,0x20,0x40,0x80};
   5          //段选,根据数字编码
   6          const char num[] = {0xc0,0xf9,0xa4,0xb0,0x99,0x92,0x82,0xf8,0x80,0x90,0x7f,0xc1,0x8e}; //10.  11U   12F
   7          
   8          
   9          void delay(unsigned int i)
  10          {
  11   1        while(i--);
  12   1      }
  13          
  14          
  15          void bsp_init(void){
  16   1        P0 = 0xff; 
  17   1        P2 &= 0x1F; P2 |= 0x80;
  18   1        P2 &= 0x1f;
  19   1        
  20   1        P0 = 0;
  21   1        P2 &= 0x1F; P2 |= 0xA0;
  22   1        P2 &= 0x1f;
  23   1      }
  24          
  25          void bsp_smg(unsigned char n,unsigned char m){
  26   1        P0 = which[n-1];
  27   1        P2 = P2 = P2 & 0x1f | 0xC0;   //位选
  28   1        P2 &= 0x1f; 
  29   1          
  30   1        P0 = num[m];              
  31   1        P2 = P2 & 0x1f | 0xE0;   //段选
  32   1      
  33   1        delay(150);
  34   1        P0=0xff;                 //消隐
  35   1        
  36   1        P2 &= 0x1f;
  37   1      }
  38          //LED on
  39          void LED_1()
  40          {
  41   1        P0 &= 0xfe; 
  42   1        P2 &= 0x1F; P2 |= 0x80;
  43   1        P2 &= 0x1f;
  44   1      }
  45          void LED_2()
  46          {
  47   1        P0 &= 0xfd; 
  48   1        P2 &= 0x1F; P2 |= 0x80;
  49   1        P2 &= 0x1f;
  50   1      }
  51          void LED_3()
  52          {
  53   1        P0 &= 0xfb; 
  54   1        P2 &= 0x1F; P2 |= 0x80;
C51 COMPILER V9.53.0.0   BSP_INIT                                                          03/20/2022 19:45:54 PAGE 2   

  55   1        P2 &= 0x1f;
  56   1      }
  57          void LED_4()
  58          {
  59   1        P0 &= 0xf7; 
  60   1        P2 &= 0x1F; P2 |= 0x80;
  61   1        P2 &= 0x1f;
  62   1      }
  63          void LED_5()
  64          {
  65   1        P0 &= 0xef; 
  66   1        P2 &= 0x1F; P2 |= 0x80;
  67   1        P2 &= 0x1f;
  68   1      }
  69          
  70          //LED off
  71          void LED_1_OFF()
  72          {
  73   1        P0 |= 0x01; 
  74   1        P2 &= 0x1F; P2 |= 0x80;
  75   1        P2 &= 0x1f;
  76   1      }
  77          void LED_2_OFF()
  78          {
  79   1        P0 |= 0x02; 
  80   1        P2 &= 0x1F; P2 |= 0x80;
  81   1        P2 &= 0x1f;
  82   1      }
  83          void LED_3_OFF()
  84          {
  85   1        P0 |= 0x04; 
  86   1        P2 &= 0x1F; P2 |= 0x80;
  87   1        P2 &= 0x1f;
  88   1      }
  89          void LED_4_OFF()
  90          {
  91   1        P0 |= 0x08; 
  92   1        P2 &= 0x1F; P2 |= 0x80;
  93   1        P2 &= 0x1f;
  94   1      }
  95          void LED_5_OFF()
  96          {
  97   1        P0 |= 0x10; 
  98   1        P2 &= 0x1F; P2 |= 0x80;
  99   1        P2 &= 0x1f;
 100   1      }


MODULE INFORMATION:   STATIC OVERLAYABLE
   CODE SIZE        =    215    ----
   CONSTANT SIZE    =   ----    ----
   XDATA SIZE       =   ----    ----
   PDATA SIZE       =   ----    ----
   DATA SIZE        =     21    ----
   IDATA SIZE       =   ----    ----
   BIT SIZE         =   ----    ----
END OF MODULE INFORMATION.


C51 COMPILATION COMPLETE.  0 WARNING(S),  0 ERROR(S)
