C51 COMPILER V9.53.0.0   KEY                                                               03/20/2022 19:45:54 PAGE 1   


C51 COMPILER V9.53.0.0, COMPILATION OF MODULE KEY
OBJECT MODULE PLACED IN .\Objects\key.obj
COMPILER INVOKED BY: F:\keil5ARM\Keil5\C51\BIN\C51.EXE code\key.c OPTIMIZE(8,SPEED) BROWSE INCDIR(.\code) DEBUG OBJECTEX
                    -TEND PRINT(.\Listings\key.lst) TABS(2) OBJECT(.\Objects\key.obj)

line level    source

   1          #include "key.h"
   2          #include "bsp_init.h"
   3          
   4          unsigned char keyRead(void)
   5          {
   6   1        unsigned char t;
   7   1        t=16;
   8   1        L1 = L2 = H3 = 1; H4 = 0;
   9   1        if(L2 == 0) {delay(100);if(L2 == 0) t=8; while(!L2);}
  10   1        if(L1 == 0) {delay(100);if(L1 == 0) t=4; while(!L1);}
  11   1        L1 = L2 = H4 = 1; H3 = 0;
  12   1        if(L2 == 0) {delay(100);if(L2 == 0) t=9; while(!L2);}
  13   1        if(L1 == 0) {delay(100);if(L1 == 0) t=5; while(!L1);} 
  14   1        return t;
  15   1      }


MODULE INFORMATION:   STATIC OVERLAYABLE
   CODE SIZE        =     98    ----
   CONSTANT SIZE    =   ----    ----
   XDATA SIZE       =   ----    ----
   PDATA SIZE       =   ----    ----
   DATA SIZE        =   ----       1
   IDATA SIZE       =   ----    ----
   BIT SIZE         =   ----    ----
END OF MODULE INFORMATION.


C51 COMPILATION COMPLETE.  0 WARNING(S),  0 ERROR(S)
