C51 COMPILER V9.53.0.0   MAIN                                                              03/20/2022 19:45:54 PAGE 1   


C51 COMPILER V9.53.0.0, COMPILATION OF MODULE MAIN
OBJECT MODULE PLACED IN .\Objects\main.obj
COMPILER INVOKED BY: F:\keil5ARM\Keil5\C51\BIN\C51.EXE main.c OPTIMIZE(8,SPEED) BROWSE INCDIR(.\code) DEBUG OBJECTEXTEND
                    - PRINT(.\Listings\main.lst) TABS(2) OBJECT(.\Objects\main.obj)

line level    source

   1          #include "bsp_init.h"
   2          #include "intrins.h"
   3          #include "time.h"
   4          #include "iic.h"
   5          #include "key.h"
   6          #include "stdio.h"
   7          
   8          unsigned int AD_val,dac;
   9          unsigned int ne555,NE555_Sec;
  10          unsigned char t;
  11          bit Mode; // 0: Vrb 1: Fout
  12          bit Mode_2; // 0: 2V 1:AD
  13          bit Mode_3=1;  // LED 0:off 1: on
  14          bit Mode_4=1; // SMG 0: off 1: on
  15          void Mode_SMG();
  16          unsigned char str[10];
  17          /*按键输入检测
  18          
  19          */
  20          void keyR(void)
  21          {
  22   1        L1 = L2 = H3 = 1; H4 = 0;
  23   1        if(L2 == 0) {delay(100);if(L2 == 0) t=8; while(!L2);}
  24   1        if(L1 == 0) {delay(100);if(L1 == 0) t=4; while(!L1);}
  25   1        L1 = L2 = H4 = 1; H3 = 0;
  26   1        if(L2 == 0) {delay(100);if(L2 == 0) t=9; while(!L2);}
  27   1        if(L1 == 0) {delay(100);if(L1 == 0) t=5; while(!L1);} 
  28   1      }
  29          /*
  30            界面切换函数
  31          */
  32          void Mode_Key(void)
  33          {
  34   1        if(t==4)
  35   1          Mode ^= 1;
  36   1        if(t==5)
  37   1          Mode_2  ^= 1;
  38   1        if(t==8)
  39   1          Mode_3  ^= 1;
  40   1        if(t==9)
  41   1          Mode_4  ^= 1;
  42   1        t=16;
  43   1      }
  44          /*
  45            数码管显示界面
  46          */
  47          void smg_disp()
  48          {
  49   1        bsp_smg(6,AD_val/1000);
  50   1        bsp_smg(7,AD_val%1000/100);
  51   1        bsp_smg(8,AD_val%100/10);
  52   1        bsp_smg(6,10);
  53   1        bsp_smg(1,11);
  54   1      }
C51 COMPILER V9.53.0.0   MAIN                                                              03/20/2022 19:45:54 PAGE 2   

  55          
  56          void smg_disp_555()
  57          {
  58   1        bsp_smg(1,12);
  59   1        if(NE555_Sec/10000)
  60   1        {
  61   2          bsp_smg(4,NE555_Sec/10000);
  62   2          bsp_smg(5,NE555_Sec%10000/1000);
  63   2          bsp_smg(6,NE555_Sec%1000/100);
  64   2          bsp_smg(7,NE555_Sec%100/10);
  65   2          bsp_smg(8,NE555_Sec%10);
  66   2        }
  67   1        else if(NE555_Sec/1000)
  68   1        {
  69   2          bsp_smg(5,NE555_Sec%10000/1000);
  70   2          bsp_smg(6,NE555_Sec%1000/100);
  71   2          bsp_smg(7,NE555_Sec%100/10);
  72   2          bsp_smg(8,NE555_Sec%10);
  73   2        }
  74   1        else if(NE555_Sec/100)
  75   1        {
  76   2          bsp_smg(6,NE555_Sec%1000/100);
  77   2          bsp_smg(7,NE555_Sec%100/10);
  78   2          bsp_smg(8,NE555_Sec%10);
  79   2        }
  80   1        else if(NE555_Sec/10)
  81   1        {
  82   2          bsp_smg(7,NE555_Sec%100/10);
  83   2          bsp_smg(8,NE555_Sec%10);
  84   2        }
  85   1        else
  86   1          bsp_smg(8,NE555_Sec%10);  
  87   1      }
  88          /*
  89            LED
  90          */
  91          void LED_disp()
  92          {
  93   1        //L1 L2
  94   1        if(Mode==0)
  95   1        {LED_1();LED_2_OFF();}
  96   1        else
  97   1        {LED_2();LED_1_OFF();}
  98   1        //L3
  99   1        if(AD_val<1500 || (AD_val>=2500 && AD_val<3500))
 100   1        {
 101   2          LED_3_OFF();
 102   2        }
 103   1        else
 104   1        {
 105   2          LED_3();
 106   2        }
 107   1        //L4
 108   1        if(NE555_Sec<1000 || (NE555_Sec<10000 && NE555_Sec >= 5000))
 109   1        {
 110   2          LED_4_OFF();
 111   2        }
 112   1        else
 113   1        {
 114   2          LED_4();
 115   2        }
 116   1        //L5
C51 COMPILER V9.53.0.0   MAIN                                                              03/20/2022 19:45:54 PAGE 3   

 117   1        if(Mode_2==0)
 118   1        {
 119   2          LED_5_OFF();
 120   2        }
 121   1        else if(Mode_2==1)
 122   1        {
 123   2          LED_5();
 124   2        }
 125   1      }
 126          
 127          /*
 128            界面切换
 129          */
 130          void Mode_SMG()
 131          {
 132   1        Mode_Key();
 133   1        //按键功能1
 134   1        if(Mode==0 && Mode_4 == 1)
 135   1          smg_disp();
 136   1        else if(Mode==1 && Mode_4 == 1)
 137   1          smg_disp_555();
 138   1        //按键功能2
 139   1        if(Mode_2==0)
 140   1        {
 141   2          delay(50);
 142   2          writedac(0x66);
 143   2        }
 144   1        else if(Mode_2 == 1)
 145   1        {
 146   2          dac    = AD_Get();  
 147   2          delay(50);
 148   2          writedac(dac);
 149   2        }
 150   1        //按键功能3
 151   1        if(Mode_3==0)
 152   1        {
 153   2          bsp_init();
 154   2        }
 155   1        else if(Mode_3==1)
 156   1        {
 157   2          LED_disp();
 158   2        }
 159   1      
 160   1      }
 161          
 162          // 主程序
 163          int main(){
 164   1        bsp_init();
 165   1        Timer0Init();
 166   1        Timer1Init();
 167   1        AD_Init(0x03);
 168   1        //UartInit();
 169   1        while(1)
 170   1        {
 171   2          keyR();
 172   2          AD_Init(0x03);
 173   2          AD_val = Read_AIN3();
 174   2          
 175   2        }
 176   1      }
 177          
 178          void Timer0() interrupt 1
C51 COMPILER V9.53.0.0   MAIN                                                              03/20/2022 19:45:54 PAGE 4   

 179          {
 180   1        ne555++;
 181   1      }
 182          void Timer1() interrupt 3
 183          {
 184   1        static unsigned char sec;
 185   1        sec++;
 186   1        Mode_SMG();
 187   1        if(sec==200)
 188   1        {
 189   2          sec = 0;
 190   2          NE555_Sec = ne555;
 191   2          ne555 = 0;
 192   2          //sprintf(str,"F = %dHZ",NE555_Sec);
 193   2        }
 194   1      }


MODULE INFORMATION:   STATIC OVERLAYABLE
   CODE SIZE        =    767    ----
   CONSTANT SIZE    =   ----    ----
   XDATA SIZE       =   ----    ----
   PDATA SIZE       =   ----    ----
   DATA SIZE        =     20    ----
   IDATA SIZE       =   ----    ----
   BIT SIZE         =      4    ----
END OF MODULE INFORMATION.


C51 COMPILATION COMPLETE.  0 WARNING(S),  0 ERROR(S)
